<?xml version="1.0" encoding="UTF-8"?>
<testng-results skipped="0" failed="0" ignored="0" total="1" passed="1">
  <reporter-output>
  </reporter-output>
  <suite name="Default suite" duration-ms="1676" started-at="2020-04-11T23:18:57 CDT" finished-at="2020-04-11T23:18:59 CDT">
    <groups>
    </groups>
    <test name="Default test" duration-ms="1676" started-at="2020-04-11T23:18:57 CDT" finished-at="2020-04-11T23:18:59 CDT">
      <class name="RestAssured.RestAssured.Test_Get">
        <test-method status="PASS" signature="test_1()[pri:0, instance:RestAssured.RestAssured.Test_Get@d44fc21]" name="test_1" duration-ms="1642" started-at="2020-04-11T23:18:57 CDT" finished-at="2020-04-11T23:18:59 CDT">
          <reporter-output>
          </reporter-output>
        </test-method> <!-- test_1 -->
      </class> <!-- RestAssured.RestAssured.Test_Get -->
    </test> <!-- Default test -->
  </suite> <!-- Default suite -->
</testng-results>
